2019-10-17 15:28:57 INFO  UserServiceImplementation:503 - Inside User's lable list 
2019-10-17 15:28:58 INFO  UserServiceImplementation:508 - User lables found 
2019-10-17 15:29:25 INFO  UserServiceImplementation:431 - User note is present
2019-10-17 15:29:25 INFO  UserServiceImplementation:442 - User note is not in Trace 
2019-10-17 15:29:26 INFO  UserServiceImplementation:445 - User note is in Trace 
2019-10-17 15:29:27 INFO  UserServiceImplementation:503 - Inside User's lable list 
2019-10-17 15:29:27 INFO  UserServiceImplementation:508 - User lables found 
2019-10-17 15:30:13 INFO  UserServiceImplementation:260 - UserId for creating notes >> 1
2019-10-17 15:30:16 INFO  UserServiceImplementation:260 - UserId for creating notes >> 1
2019-10-17 15:30:23 INFO  UserServiceImplementation:503 - Inside User's lable list 
2019-10-17 15:30:23 INFO  UserServiceImplementation:508 - User lables found 
2019-10-17 15:30:38 INFO  UserServiceImplementation:260 - UserId for creating notes >> 1
2019-10-17 15:31:18 INFO  UserServiceImplementation:260 - UserId for creating notes >> 1
2019-10-17 15:33:36 INFO  UserServiceImplementation:503 - Inside User's lable list 
2019-10-17 15:33:36 INFO  UserServiceImplementation:508 - User lables found 
2019-10-17 15:39:03 INFO  UserServiceImplementation:431 - User note is present
2019-10-17 15:39:03 INFO  UserServiceImplementation:434 - User note is in Trace 
2019-10-17 15:39:03 INFO  UserServiceImplementation:438 - User note is removed from Trace 
2019-10-17 15:39:05 INFO  UserServiceImplementation:503 - Inside User's lable list 
2019-10-17 15:39:05 INFO  UserServiceImplementation:508 - User lables found 
2019-10-17 15:42:33 INFO  UserServiceImplementation:506 - Inside User's lable list 
2019-10-17 15:42:34 INFO  UserServiceImplementation:511 - User lables found 
2019-10-17 15:42:38 INFO  UserServiceImplementation:431 - User note is present
2019-10-17 15:42:38 INFO  UserServiceImplementation:442 - User note is not in Trace 
2019-10-17 15:42:38 INFO  UserServiceImplementation:445 - User note is in Trace 
2019-10-17 15:42:40 INFO  UserServiceImplementation:506 - Inside User's lable list 
2019-10-17 15:42:40 INFO  UserServiceImplementation:511 - User lables found 
2019-10-17 15:42:42 INFO  UserServiceImplementation:431 - User note is present
2019-10-17 15:42:42 INFO  UserServiceImplementation:442 - User note is not in Trace 
2019-10-17 15:42:42 INFO  UserServiceImplementation:445 - User note is in Trace 
2019-10-17 15:42:43 INFO  UserServiceImplementation:506 - Inside User's lable list 
2019-10-17 15:42:43 INFO  UserServiceImplementation:511 - User lables found 
2019-10-17 15:42:51 INFO  UserServiceImplementation:506 - Inside User's lable list 
2019-10-17 15:42:51 INFO  UserServiceImplementation:511 - User lables found 
2019-10-17 15:46:25 INFO  UserServiceImplementation:506 - Inside User's lable list 
2019-10-17 15:46:25 INFO  UserServiceImplementation:511 - User lables found 
2019-10-17 15:46:44 INFO  UserServiceImplementation:506 - Inside User's lable list 
2019-10-17 15:46:44 INFO  UserServiceImplementation:511 - User lables found 
2019-10-17 15:47:02 INFO  UserServiceImplementation:506 - Inside User's lable list 
2019-10-17 15:47:02 INFO  UserServiceImplementation:511 - User lables found 
2019-10-17 15:47:18 INFO  UserServiceImplementation:506 - Inside User's lable list 
2019-10-17 15:47:18 INFO  UserServiceImplementation:511 - User lables found 
2019-10-17 15:47:37 INFO  UserServiceImplementation:249 - Note created successfully
2019-10-17 15:47:39 INFO  UserServiceImplementation:506 - Inside User's lable list 
2019-10-17 15:47:39 INFO  UserServiceImplementation:511 - User lables found 
2019-10-17 15:59:21 INFO  UserServiceImplementation:506 - Inside User's lable list 
2019-10-17 15:59:21 INFO  UserServiceImplementation:511 - User lables found 
2019-10-17 16:00:24 INFO  UserServiceImplementation:506 - Inside User's lable list 
2019-10-17 16:00:24 INFO  UserServiceImplementation:511 - User lables found 
2019-10-17 16:00:27 INFO  UserServiceImplementation:431 - User note is present
2019-10-17 16:00:27 INFO  UserServiceImplementation:442 - User note is not in Trace 
2019-10-17 16:00:27 INFO  UserServiceImplementation:445 - User note is in Trace 
2019-10-17 16:01:34 INFO  UserServiceImplementation:506 - Inside User's lable list 
2019-10-17 16:01:34 INFO  UserServiceImplementation:511 - User lables found 
2019-10-17 16:01:57 INFO  UserServiceImplementation:506 - Inside User's lable list 
2019-10-17 16:01:57 INFO  UserServiceImplementation:511 - User lables found 
2019-10-17 16:02:04 INFO  UserServiceImplementation:506 - Inside User's lable list 
2019-10-17 16:02:04 INFO  UserServiceImplementation:511 - User lables found 
2019-10-17 16:02:31 INFO  UserServiceImplementation:431 - User note is present
2019-10-17 16:02:31 INFO  UserServiceImplementation:442 - User note is not in Trace 
2019-10-17 16:02:31 INFO  UserServiceImplementation:445 - User note is in Trace 
2019-10-17 16:02:33 INFO  UserServiceImplementation:506 - Inside User's lable list 
2019-10-17 16:02:33 INFO  UserServiceImplementation:511 - User lables found 
2019-10-17 16:02:42 INFO  UserServiceImplementation:431 - User note is present
2019-10-17 16:02:42 INFO  UserServiceImplementation:434 - User note is in Trace 
2019-10-17 16:02:42 INFO  UserServiceImplementation:438 - User note is removed from Trace 
2019-10-17 16:02:46 INFO  UserServiceImplementation:506 - Inside User's lable list 
2019-10-17 16:02:46 INFO  UserServiceImplementation:511 - User lables found 
2019-10-17 16:02:56 INFO  UserServiceImplementation:296 - User note deleted successfully
2019-10-17 16:03:00 INFO  UserServiceImplementation:506 - Inside User's lable list 
2019-10-17 16:03:00 INFO  UserServiceImplementation:511 - User lables found 
2019-10-17 16:03:05 INFO  UserServiceImplementation:296 - User note deleted successfully
2019-10-17 16:03:07 INFO  UserServiceImplementation:506 - Inside User's lable list 
2019-10-17 16:03:07 INFO  UserServiceImplementation:511 - User lables found 
2019-10-17 16:03:24 INFO  UserServiceImplementation:249 - Note created successfully
2019-10-17 16:03:26 INFO  UserServiceImplementation:506 - Inside User's lable list 
2019-10-17 16:03:26 INFO  UserServiceImplementation:511 - User lables found 
2019-10-17 16:03:32 INFO  UserServiceImplementation:506 - Inside User's lable list 
2019-10-17 16:03:32 INFO  UserServiceImplementation:511 - User lables found 
2019-10-17 16:03:36 INFO  UserServiceImplementation:402 - User is present
2019-10-17 16:03:36 INFO  UserServiceImplementation:413 - User note is not Archive 
2019-10-17 16:03:36 INFO  UserServiceImplementation:416 - User note is Archive 
2019-10-17 16:03:41 INFO  UserServiceImplementation:506 - Inside User's lable list 
2019-10-17 16:03:41 INFO  UserServiceImplementation:511 - User lables found 
2019-10-17 16:04:37 INFO  UserServiceImplementation:506 - Inside User's lable list 
2019-10-17 16:04:37 INFO  UserServiceImplementation:511 - User lables found 
2019-10-17 16:05:02 INFO  UserServiceImplementation:188 - shibadattanayak@gmail.com user logged in successfully
2019-10-17 16:05:02 INFO  UserServiceImplementation:193 - Login attempted with email - shibadattanayak@gmail.com
2019-10-17 16:05:02 INFO  UserServiceImplementation:506 - Inside User's lable list 
2019-10-17 16:05:02 INFO  UserServiceImplementation:511 - User lables found 
2019-10-17 16:05:10 INFO  UserServiceImplementation:431 - User note is present
2019-10-17 16:05:10 INFO  UserServiceImplementation:442 - User note is not in Trace 
2019-10-17 16:05:10 INFO  UserServiceImplementation:445 - User note is in Trace 
2019-10-17 16:05:13 INFO  UserServiceImplementation:506 - Inside User's lable list 
2019-10-17 16:05:13 INFO  UserServiceImplementation:511 - User lables found 
2019-10-17 16:05:32 INFO  UserServiceImplementation:249 - Note created successfully
2019-10-17 16:05:35 INFO  UserServiceImplementation:506 - Inside User's lable list 
2019-10-17 16:05:35 INFO  UserServiceImplementation:511 - User lables found 
2019-10-17 16:05:45 INFO  UserServiceImplementation:506 - Inside User's lable list 
2019-10-17 16:05:45 INFO  UserServiceImplementation:511 - User lables found 
2019-10-17 16:05:51 INFO  UserServiceImplementation:506 - Inside User's lable list 
2019-10-17 16:05:51 INFO  UserServiceImplementation:511 - User lables found 
2019-10-17 16:06:06 INFO  UserServiceImplementation:249 - Note created successfully
2019-10-17 16:06:14 INFO  UserServiceImplementation:249 - Note created successfully
2019-10-17 16:06:19 INFO  UserServiceImplementation:249 - Note created successfully
2019-10-17 16:06:25 INFO  UserServiceImplementation:249 - Note created successfully
2019-10-17 16:06:28 INFO  UserServiceImplementation:506 - Inside User's lable list 
2019-10-17 16:06:28 INFO  UserServiceImplementation:511 - User lables found 
2019-10-17 16:06:41 INFO  UserServiceImplementation:506 - Inside User's lable list 
2019-10-17 16:06:42 INFO  UserServiceImplementation:511 - User lables found 
2019-10-17 16:06:50 INFO  UserServiceImplementation:506 - Inside User's lable list 
2019-10-17 16:06:50 INFO  UserServiceImplementation:511 - User lables found 
2019-10-17 16:06:55 INFO  UserServiceImplementation:506 - Inside User's lable list 
2019-10-17 16:06:55 INFO  UserServiceImplementation:511 - User lables found 
2019-10-17 16:07:00 INFO  UserServiceImplementation:506 - Inside User's lable list 
2019-10-17 16:07:00 INFO  UserServiceImplementation:511 - User lables found 
2019-10-17 17:33:21 INFO  UserServiceImplementation:188 - shibadattanayak@gmail.com user logged in successfully
2019-10-17 17:33:21 INFO  UserServiceImplementation:193 - Login attempted with email - shibadattanayak@gmail.com
2019-10-17 17:33:21 INFO  UserServiceImplementation:506 - Inside User's lable list 
2019-10-17 17:33:21 INFO  UserServiceImplementation:511 - User lables found 
2019-10-17 17:55:21 INFO  UserServiceImplementation:506 - Inside User's lable list 
2019-10-17 17:55:25 INFO  UserServiceImplementation:511 - User lables found 
2019-10-17 17:55:49 INFO  UserServiceImplementation:506 - Inside User's lable list 
2019-10-17 17:55:49 INFO  UserServiceImplementation:511 - User lables found 
2019-10-17 17:56:24 INFO  UserServiceImplementation:506 - Inside User's lable list 
2019-10-17 17:56:24 INFO  UserServiceImplementation:511 - User lables found 
2019-10-17 18:00:16 INFO  UserServiceImplementation:506 - Inside User's lable list 
2019-10-17 18:00:16 INFO  UserServiceImplementation:511 - User lables found 
2019-10-17 18:00:47 INFO  UserServiceImplementation:506 - Inside User's lable list 
2019-10-17 18:00:47 INFO  UserServiceImplementation:511 - User lables found 
2019-10-17 18:01:21 INFO  UserServiceImplementation:506 - Inside User's lable list 
2019-10-17 18:01:21 INFO  UserServiceImplementation:511 - User lables found 
2019-10-17 18:02:11 INFO  UserServiceImplementation:506 - Inside User's lable list 
2019-10-17 18:02:11 INFO  UserServiceImplementation:511 - User lables found 
2019-10-17 18:02:15 INFO  UserServiceImplementation:506 - Inside User's lable list 
2019-10-17 18:02:15 INFO  UserServiceImplementation:511 - User lables found 
2019-10-17 18:02:19 INFO  UserServiceImplementation:506 - Inside User's lable list 
2019-10-17 18:02:19 INFO  UserServiceImplementation:511 - User lables found 
2019-10-17 18:02:27 INFO  UserServiceImplementation:506 - Inside User's lable list 
2019-10-17 18:02:27 INFO  UserServiceImplementation:511 - User lables found 
2019-10-17 18:02:39 INFO  UserServiceImplementation:506 - Inside User's lable list 
2019-10-17 18:02:39 INFO  UserServiceImplementation:511 - User lables found 
2019-10-17 18:02:44 INFO  UserServiceImplementation:506 - Inside User's lable list 
2019-10-17 18:02:44 INFO  UserServiceImplementation:511 - User lables found 
2019-10-17 18:03:46 INFO  UserServiceImplementation:506 - Inside User's lable list 
2019-10-17 18:03:46 INFO  UserServiceImplementation:511 - User lables found 
2019-10-17 18:03:55 INFO  UserServiceImplementation:506 - Inside User's lable list 
2019-10-17 18:03:55 INFO  UserServiceImplementation:511 - User lables found 
2019-10-17 18:03:58 INFO  UserServiceImplementation:506 - Inside User's lable list 
2019-10-17 18:03:58 INFO  UserServiceImplementation:511 - User lables found 
2019-10-17 18:04:08 INFO  UserServiceImplementation:506 - Inside User's lable list 
2019-10-17 18:04:08 INFO  UserServiceImplementation:511 - User lables found 
2019-10-17 18:05:04 INFO  UserServiceImplementation:506 - Inside User's lable list 
2019-10-17 18:05:04 INFO  UserServiceImplementation:511 - User lables found 
2019-10-17 18:05:32 INFO  UserServiceImplementation:506 - Inside User's lable list 
2019-10-17 18:05:32 INFO  UserServiceImplementation:511 - User lables found 
2019-10-17 18:09:41 INFO  UserServiceImplementation:188 - shibadattanayak@gmail.com user logged in successfully
2019-10-17 18:09:41 INFO  UserServiceImplementation:193 - Login attempted with email - shibadattanayak@gmail.com
2019-10-17 18:09:42 INFO  UserServiceImplementation:506 - Inside User's lable list 
2019-10-17 18:09:42 INFO  UserServiceImplementation:511 - User lables found 
2019-10-17 18:10:42 INFO  UserServiceImplementation:506 - Inside User's lable list 
2019-10-17 18:10:42 INFO  UserServiceImplementation:511 - User lables found 
